INFO - 2023-03-19 19:24:10 --> Session: Class initialized using 'CodeIgniter\Session\Handlers\FileHandler' driver.
INFO - 2023-03-19 19:24:11 --> Session: Class initialized using 'CodeIgniter\Session\Handlers\FileHandler' driver.
INFO - 2023-03-19 19:24:13 --> Session: Class initialized using 'CodeIgniter\Session\Handlers\FileHandler' driver.
INFO - 2023-03-19 19:24:13 --> Session: Class initialized using 'CodeIgniter\Session\Handlers\FileHandler' driver.
ERROR - 2023-03-19 21:34:25 --> Error connecting to the database: Error: Class 'SQLite3' not found in /var/www/html/CodeIgniter/system/Database/SQLite3/Connection.php:89
Stack trace:
#0 /var/www/html/CodeIgniter/system/Database/BaseConnection.php(391): CodeIgniter\Database\SQLite3\Connection->connect()
#1 /var/www/html/CodeIgniter/system/Database/SQLite3/Connection.php(59): CodeIgniter\Database\BaseConnection->initialize()
#2 /var/www/html/CodeIgniter/system/Test/DatabaseTestTrait.php(74): CodeIgniter\Database\SQLite3\Connection->initialize()
#3 /var/www/html/CodeIgniter/system/Test/DatabaseTestTrait.php(54): CodeIgniter\AuthTest->loadDependencies()
#4 /var/www/html/CodeIgniter/system/Test/CIUnitTestCase.php(248): CodeIgniter\AuthTest->setUpDatabase()
#5 /usr/share/php/PHPUnit/Framework/TestCase.php(1024): CodeIgniter\Test\CIUnitTestCase->setUp()
#6 /usr/share/php/PHPUnit/Framework/TestResult.php(691): PHPUnit\Framework\TestCase->runBare()
#7 /usr/share/php/PHPUnit/Framework/TestCase.php(756): PHPUnit\Framework\TestResult->run()
#8 /usr/share/php/PHPUnit/Framework/TestSuite.php(597): PHPUnit\Framework\TestCase->run()
#9 /usr/share/php/PHPUnit/TextUI/TestRunner.php(621): PHPUnit\Framework\TestSuite->run()
#10 /usr/share/php/PHPUnit/TextUI/Command.php(200): PHPUnit\TextUI\TestRunner->doRun()
#11 /usr/share/php/PHPUnit/TextUI/Command.php(159): PHPUnit\TextUI\Command->run()
#12 /usr/bin/phpunit(42): PHPUnit\TextUI\Command::main()
#13 {main}
INFO - 2023-03-19 21:35:09 --> Session: Class initialized using 'CodeIgniter\Session\Handlers\FileHandler' driver.
INFO - 2023-03-19 21:35:17 --> Session: Class initialized using 'CodeIgniter\Session\Handlers\FileHandler' driver.
INFO - 2023-03-19 21:35:31 --> Session: Class initialized using 'CodeIgniter\Session\Handlers\FileHandler' driver.
INFO - 2023-03-19 21:35:32 --> Session: Class initialized using 'CodeIgniter\Session\Handlers\FileHandler' driver.
INFO - 2023-03-19 21:36:23 --> Session: Class initialized using 'CodeIgniter\Session\Handlers\FileHandler' driver.
ERROR - 2023-03-19 21:36:59 --> Error connecting to the database: Error: Class 'SQLite3' not found in /var/www/html/CodeIgniter/system/Database/SQLite3/Connection.php:89
Stack trace:
#0 /var/www/html/CodeIgniter/system/Database/BaseConnection.php(391): CodeIgniter\Database\SQLite3\Connection->connect()
#1 /var/www/html/CodeIgniter/system/Database/SQLite3/Connection.php(59): CodeIgniter\Database\BaseConnection->initialize()
#2 /var/www/html/CodeIgniter/system/Test/DatabaseTestTrait.php(74): CodeIgniter\Database\SQLite3\Connection->initialize()
#3 /var/www/html/CodeIgniter/system/Test/DatabaseTestTrait.php(54): CodeIgniter\AuthTest->loadDependencies()
#4 /var/www/html/CodeIgniter/system/Test/CIUnitTestCase.php(248): CodeIgniter\AuthTest->setUpDatabase()
#5 /usr/share/php/PHPUnit/Framework/TestCase.php(1024): CodeIgniter\Test\CIUnitTestCase->setUp()
#6 /usr/share/php/PHPUnit/Framework/TestResult.php(691): PHPUnit\Framework\TestCase->runBare()
#7 /usr/share/php/PHPUnit/Framework/TestCase.php(756): PHPUnit\Framework\TestResult->run()
#8 /usr/share/php/PHPUnit/Framework/TestSuite.php(597): PHPUnit\Framework\TestCase->run()
#9 /usr/share/php/PHPUnit/TextUI/TestRunner.php(621): PHPUnit\Framework\TestSuite->run()
#10 /usr/share/php/PHPUnit/TextUI/Command.php(200): PHPUnit\TextUI\TestRunner->doRun()
#11 /usr/share/php/PHPUnit/TextUI/Command.php(159): PHPUnit\TextUI\Command->run()
#12 /usr/bin/phpunit(42): PHPUnit\TextUI\Command::main()
#13 {main}
ERROR - 2023-03-19 21:43:41 --> Error connecting to the database: Error: Class 'SQLite3' not found in /var/www/html/CodeIgniter/system/Database/SQLite3/Connection.php:89
Stack trace:
#0 /var/www/html/CodeIgniter/system/Database/BaseConnection.php(391): CodeIgniter\Database\SQLite3\Connection->connect()
#1 /var/www/html/CodeIgniter/system/Database/SQLite3/Connection.php(59): CodeIgniter\Database\BaseConnection->initialize()
#2 /var/www/html/CodeIgniter/system/Test/DatabaseTestTrait.php(74): CodeIgniter\Database\SQLite3\Connection->initialize()
#3 /var/www/html/CodeIgniter/system/Test/DatabaseTestTrait.php(54): CodeIgniter\AuthTest->loadDependencies()
#4 /var/www/html/CodeIgniter/system/Test/CIUnitTestCase.php(248): CodeIgniter\AuthTest->setUpDatabase()
#5 /usr/share/php/PHPUnit/Framework/TestCase.php(1024): CodeIgniter\Test\CIUnitTestCase->setUp()
#6 /usr/share/php/PHPUnit/Framework/TestResult.php(691): PHPUnit\Framework\TestCase->runBare()
#7 /usr/share/php/PHPUnit/Framework/TestCase.php(756): PHPUnit\Framework\TestResult->run()
#8 /usr/share/php/PHPUnit/Framework/TestSuite.php(597): PHPUnit\Framework\TestCase->run()
#9 /usr/share/php/PHPUnit/TextUI/TestRunner.php(621): PHPUnit\Framework\TestSuite->run()
#10 /usr/share/php/PHPUnit/TextUI/Command.php(200): PHPUnit\TextUI\TestRunner->doRun()
#11 /usr/share/php/PHPUnit/TextUI/Command.php(159): PHPUnit\TextUI\Command->run()
#12 /usr/bin/phpunit(42): PHPUnit\TextUI\Command::main()
#13 {main}
